<?xml version="1.0" encoding="UTF-8"?>
<testng-results skipped="0" failed="0" total="1" passed="1">
  <reporter-output>
  </reporter-output>
  <suite name="Surefire suite" duration-ms="10566" started-at="2015-10-19T15:07:18Z" finished-at="2015-10-19T15:07:29Z">
    <groups>
    </groups>
    <test name="Surefire test" duration-ms="10566" started-at="2015-10-19T15:07:18Z" finished-at="2015-10-19T15:07:29Z">
      <class name="mycompany.tests.W3Test">
        <test-method status="PASS" signature="setUp()[pri:0, instance:mycompany.tests.W3Test@6879c0f4]" name="setUp" is-config="true" duration-ms="3851" started-at="2015-10-19T16:07:18Z" finished-at="2015-10-19T16:07:22Z">
          <reporter-output>
          </reporter-output>
        </test-method> <!-- setUp -->
        <test-method status="PASS" signature="W3Test()[pri:0, instance:mycompany.tests.W3Test@6879c0f4]" name="W3Test" duration-ms="6553" started-at="2015-10-19T16:07:22Z" finished-at="2015-10-19T16:07:29Z">
          <reporter-output>
          </reporter-output>
        </test-method> <!-- W3Test -->
        <test-method status="PASS" signature="cleanUp()[pri:0, instance:mycompany.tests.W3Test@6879c0f4]" name="cleanUp" is-config="true" duration-ms="147" started-at="2015-10-19T16:07:29Z" finished-at="2015-10-19T16:07:29Z">
          <reporter-output>
          </reporter-output>
        </test-method> <!-- cleanUp -->
      </class> <!-- mycompany.tests.W3Test -->
    </test> <!-- Surefire test -->
  </suite> <!-- Surefire suite -->
</testng-results>
